<?xml version="1.0" encoding="UTF-8"?>
<!-- Generated by org.testng.reporters.JUnitXMLReporter -->
<testsuite ignored="0" hostname="MCFL-8BD87S3" failures="1" tests="8" name="AmplifiCapital Home Page Test" time="244.916" errors="0" timestamp="2024-03-15T09:24:01 IST">
  <testcase classname="com.qa.amplifi_capital.tests.HomePageTest" name="homePageButtonsTest" time="32.274"/>
  <testcase classname="com.qa.amplifi_capital.tests.HomePageTest" name="homePageContentsTest" time="17.294"/>
  <testcase classname="com.qa.amplifi_capital.tests.HomePageTest" name="homePageFooterLinksTest" time="34.227"/>
  <testcase classname="com.qa.amplifi_capital.tests.HomePageTest" name="homePageH1TagTest" time="1.017"/>
  <testcase classname="com.qa.amplifi_capital.tests.HomePageTest" name="homePageLegalsTest" time="21.513"/>
  <testcase classname="com.qa.amplifi_capital.tests.HomePageTest" name="homePageNewsCarouselTest" time="113.52"/>
  <testcase classname="com.qa.amplifi_capital.tests.HomePageTest" name="homePageTitleTest" time="0.005"/>
  <testcase classname="com.qa.amplifi_capital.tests.HomePageTest" name="homePageURLTest" time="0.007">
    <failure type="java.lang.AssertionError" message="expected [https://uat.amplificapital.com] but found [https://uat.amplificapital.com/]">
      <![CDATA[java.lang.AssertionError: expected [https://uat.amplificapital.com] but found [https://uat.amplificapital.com/]
at com.qa.amplifi_capital.tests.HomePageTest.homePageURLTest(HomePageTest.java:20)
at java.base/java.util.ArrayList.forEach(ArrayList.java:1511)
... Removed 33 stack frames]]>
    </failure>
  </testcase> <!-- homePageURLTest -->
</testsuite> <!-- AmplifiCapital Home Page Test -->
