<?xml version="1.0" encoding="UTF-8"?>
<!-- Generated by org.testng.reporters.JUnitReportReporter -->
<testsuite hostname="MCFL-8BD87S3" failures="1" tests="8" name="com.qa.amplifi_capital.tests.HomePageTest" time="219.857" errors="0" timestamp="2024-03-15T09:30:23 IST" skipped="0">
  <testcase classname="com.qa.amplifi_capital.tests.HomePageTest" name="homePageH1TagTest" time="1.017"/>
  <testcase classname="com.qa.amplifi_capital.tests.HomePageTest" name="homePageLegalsTest" time="21.513"/>
  <testcase classname="com.qa.amplifi_capital.tests.HomePageTest" name="homePageContentsTest" time="17.294"/>
  <testcase classname="com.qa.amplifi_capital.tests.HomePageTest" name="homePageTitleTest" time="0.005"/>
  <testcase classname="com.qa.amplifi_capital.tests.HomePageTest" name="homePageFooterLinksTest" time="34.227"/>
  <testcase classname="com.qa.amplifi_capital.tests.HomePageTest" name="homePageNewsCarouselTest" time="113.520"/>
  <testcase classname="com.qa.amplifi_capital.tests.HomePageTest" name="homePageURLTest" time="0.007">
    <failure message="expected [https://uat.amplificapital.com] but found [https://uat.amplificapital.com/]" type="java.lang.AssertionError">
      <![CDATA[java.lang.AssertionError: expected [https://uat.amplificapital.com] but found [https://uat.amplificapital.com/]
at org.testng.Assert.fail(Assert.java:111)
at org.testng.Assert.failNotEquals(Assert.java:1578)
at org.testng.Assert.assertEqualsImpl(Assert.java:150)
at org.testng.Assert.assertEquals(Assert.java:132)
at org.testng.Assert.assertEquals(Assert.java:656)
at org.testng.Assert.assertEquals(Assert.java:666)
at com.qa.amplifi_capital.tests.HomePageTest.homePageURLTest(HomePageTest.java:20)
at java.base/jdk.internal.reflect.NativeMethodAccessorImpl.invoke0(Native Method)
at java.base/jdk.internal.reflect.NativeMethodAccessorImpl.invoke(NativeMethodAccessorImpl.java:77)
at java.base/jdk.internal.reflect.DelegatingMethodAccessorImpl.invoke(DelegatingMethodAccessorImpl.java:43)
at java.base/java.lang.reflect.Method.invoke(Method.java:568)
at org.testng.internal.invokers.MethodInvocationHelper.invokeMethod(MethodInvocationHelper.java:139)
at org.testng.internal.invokers.TestInvoker.invokeMethod(TestInvoker.java:664)
at org.testng.internal.invokers.TestInvoker.invokeTestMethod(TestInvoker.java:228)
at org.testng.internal.invokers.MethodRunner.runInSequence(MethodRunner.java:63)
at org.testng.internal.invokers.TestInvoker$MethodInvocationAgent.invoke(TestInvoker.java:961)
at org.testng.internal.invokers.TestInvoker.invokeTestMethods(TestInvoker.java:201)
at org.testng.internal.invokers.TestMethodWorker.invokeTestMethods(TestMethodWorker.java:148)
at org.testng.internal.invokers.TestMethodWorker.run(TestMethodWorker.java:128)
at java.base/java.util.ArrayList.forEach(ArrayList.java:1511)
at org.testng.TestRunner.privateRun(TestRunner.java:819)
at org.testng.TestRunner.run(TestRunner.java:619)
at org.testng.SuiteRunner.runTest(SuiteRunner.java:443)
at org.testng.SuiteRunner.runSequentially(SuiteRunner.java:437)
at org.testng.SuiteRunner.privateRun(SuiteRunner.java:397)
at org.testng.SuiteRunner.run(SuiteRunner.java:336)
at org.testng.SuiteRunnerWorker.runSuite(SuiteRunnerWorker.java:52)
at org.testng.SuiteRunnerWorker.run(SuiteRunnerWorker.java:95)
at org.testng.TestNG.runSuitesSequentially(TestNG.java:1301)
at org.testng.TestNG.runSuitesLocally(TestNG.java:1228)
at org.testng.TestNG.runSuites(TestNG.java:1134)
at org.testng.TestNG.run(TestNG.java:1101)
at org.testng.remote.AbstractRemoteTestNG.run(AbstractRemoteTestNG.java:115)
at org.testng.remote.RemoteTestNG.initAndRun(RemoteTestNG.java:251)
at org.testng.remote.RemoteTestNG.main(RemoteTestNG.java:77)
]]>
    </failure>
  </testcase> <!-- homePageURLTest -->
  <testcase classname="com.qa.amplifi_capital.tests.HomePageTest" name="homePageButtonsTest" time="32.274"/>
</testsuite> <!-- com.qa.amplifi_capital.tests.HomePageTest -->
